<?xml version="1.0" encoding="UTF-8"?>
<!-- Generated by org.testng.reporters.JUnitReportReporter -->
<testsuite skipped="0" hostname="Madanrajs-MacBook-Pro.local" name="tests.webapptests.testcase.LoginTest" tests="1" failures="0" timestamp="2020-04-14T12:41:35 IST" time="4.767" errors="0">
  <testcase name="loginPage" time="4.767" classname="tests.webapptests.testcase.LoginTest"/>
  <system-out/>
</testsuite> <!-- tests.webapptests.testcase.LoginTest -->
