<?xml version="1.0" encoding="UTF-8"?>
<!-- Generated by org.testng.reporters.JUnitReportReporter -->
<testsuite skipped="0" hostname="Madanrajs-MacBook-Pro.local" name="tests.webapptests.testcase.RequestForm" tests="1" failures="0" timestamp="2020-04-13T13:10:25 IST" time="12.410" errors="0">
  <testcase name="sendRequest" time="12.410" classname="tests.webapptests.testcase.RequestForm"/>
  <system-out/>
</testsuite> <!-- tests.webapptests.testcase.RequestForm -->
